[06-Jul-2022 14:46:31 America/Argentina/Buenos_Aires - User: 43c7ca6e-b7aa-47ad-ac29-ddc9d3d39f44]: Code: <. Message:  | p 

[06-Jul-2022 14:46:33 America/Argentina/Buenos_Aires - User: NDNjN2NhNmUtYjdhYS00N2FkLWFjMjktZGRjOWQzZDM5ZjQ0]: Code: 200. Message: Envio consulta fichadas de mi equipo

[07-Jul-2022 10:34:47 America/Argentina/Buenos_Aires - User: 5d88475d-03a8-4382-bfce-aae91a05406a]: Code: <. Message:  | p 

[07-Jul-2022 10:34:49 America/Argentina/Buenos_Aires - User: NWQ4ODQ3NWQtMDNhOC00MzgyLWJmY2UtYWFlOTFhMDU0MDZh]: Code: 200. Message: Envio consulta fichadas de mi equipo

[07-Jul-2022 16:47:08 America/Argentina/Buenos_Aires - User: ]: Code: <. Message:  | p 

[07-Jul-2022 16:47:13 America/Argentina/Buenos_Aires - User: ]: Code: <. Message:  | p 

[07-Jul-2022 16:47:15 America/Argentina/Buenos_Aires - User: ]: Code: <. Message:  | p 

[07-Jul-2022 16:47:18 America/Argentina/Buenos_Aires - User: ]: Code: <. Message:  | p 

[07-Jul-2022 16:47:21 America/Argentina/Buenos_Aires - User: ]: Code: <. Message:  | p 

[07-Jul-2022 16:48:31 America/Argentina/Buenos_Aires - User: ]: Code: <. Message:  | p 

[07-Jul-2022 16:48:34 America/Argentina/Buenos_Aires - User: ]: Code: <. Message:  | p 

[07-Jul-2022 16:48:37 America/Argentina/Buenos_Aires - User: Yzg5ZGI5YmMtNDFkNi00ZGMzLTg0MjgtZDc0ODdhY2E0M2M5]: Code: 200. Message: Envio consulta fichadas de mi equipo

[08-Jul-2022 09:23:20 America/Argentina/Buenos_Aires - User: ]: Code: <. Message:  | p 

[08-Jul-2022 09:23:23 America/Argentina/Buenos_Aires - User: Yzc5OTFlNTktMjYxOS00OWMyLTljOWYtNjEzZDQ5ZWVhYmJl]: Code: 200. Message: Envio consulta fichadas de mi equipo

[08-Jul-2022 11:37:38 America/Argentina/Buenos_Aires - User: ]: Code: <. Message:  | p 

[08-Jul-2022 11:37:54 America/Argentina/Buenos_Aires - User: ]: Code: <. Message:  | p 

[08-Jul-2022 11:38:03 America/Argentina/Buenos_Aires - User: ]: Code: <. Message:  | p 

[08-Jul-2022 11:38:06 America/Argentina/Buenos_Aires - User: ]: Code: <. Message:  | p 

[08-Jul-2022 11:38:08 America/Argentina/Buenos_Aires - User: ]: Code: <. Message:  | p 

[08-Jul-2022 11:38:11 America/Argentina/Buenos_Aires - User: OWU4ODJmOTUtY2I5ZS00NjM2LTlhOWEtYzk1Y2M5MTdkYmRj]: Code: 200. Message: Envio consulta fichadas de mi equipo

[08-Jul-2022 13:11:41 America/Argentina/Buenos_Aires - User: ]: Code: <. Message:  | p 

[08-Jul-2022 13:11:46 America/Argentina/Buenos_Aires - User: ]: Code: <. Message:  | p 

[08-Jul-2022 13:12:09 America/Argentina/Buenos_Aires - User: ]: Code: <. Message:  | p 

[08-Jul-2022 13:12:14 America/Argentina/Buenos_Aires - User: NjBhMDg1NzItNzFkZi00NjU2LWE5MDUtN2FlYjY1NTM0YzUx]: Code: 200. Message: Envio consulta fichadas de mi equipo

[08-Jul-2022 13:53:33 America/Argentina/Buenos_Aires - User: ]: Code: <. Message:  | p 

[08-Jul-2022 13:54:50 America/Argentina/Buenos_Aires - User: MTEyYmM4MjItNTBlYy00YTQ0LTg2OTktNTdjY2NmZTExZmEz]: Code: 200. Message: Envio consulta fichadas de mi equipo

[08-Jul-2022 13:54:58 America/Argentina/Buenos_Aires - User: ]: Code: <. Message:  | p 

[08-Jul-2022 13:55:44 America/Argentina/Buenos_Aires - User: ]: Code: <. Message:  | p 

[08-Jul-2022 13:56:32 America/Argentina/Buenos_Aires - User: ]: Code: <. Message:  | p 

[08-Jul-2022 13:56:50 America/Argentina/Buenos_Aires - User: ]: Code: <. Message:  | p 

[08-Jul-2022 13:57:45 America/Argentina/Buenos_Aires - User: MTEyYmM4MjItNTBlYy00YTQ0LTg2OTktNTdjY2NmZTExZmEz]: Code: 200. Message: Envio consulta fichadas de mi equipo

