[04-Mar-2020 09:51:19 America/Argentina/Buenos_Aires - User: 2600026820095441]: Code: 200. Message: Envio consulta correctamente

[04-Mar-2020 09:54:47 America/Argentina/Buenos_Aires - User: 2600026820095441]: Code: 200. Message: Envio consulta correctamente

[04-Mar-2020 09:56:10 America/Argentina/Buenos_Aires - User: 2600026820095441]: Code: 200. Message: Envio consulta correctamente

[04-Mar-2020 10:23:27 America/Argentina/Buenos_Aires - User: 2600026820095441]: Code: 200. Message: Envio consulta correctamente

[04-Mar-2020 10:25:45 America/Argentina/Buenos_Aires - User: 2600026820095441]: Code: 200. Message: Envio propuesta correctamente

[04-Mar-2020 12:57:13 America/Argentina/Buenos_Aires - User: 2600026820095441]: Code: 200. Message: Envio propuesta correctamente

[06-Mar-2020 10:17:06 America/Argentina/Buenos_Aires - User: 2600026820095441]: Code: 200. Message: Envio propuesta correctamente

[09-Mar-2020 16:01:46 America/Argentina/Buenos_Aires - User: 2600026820095441]: Code: 200. Message: Envio propuesta correctamente

[10-Mar-2020 11:46:01 America/Argentina/Buenos_Aires - User: 2600026820095441]: Code: 200. Message: Envio propuesta correctamente

[10-Mar-2020 11:48:17 America/Argentina/Buenos_Aires - User: 2600026820095441]: Code: 200. Message: Envio propuesta correctamente

[01-Apr-2020 10:48:24 America/Argentina/Buenos_Aires - User: 3775127015894552]: Code: 200. Message: Envio propuesta correctamente

[22-May-2020 08:13:46 America/Argentina/Buenos_Aires - User: 2671275682981065]: Code: 200. Message: Envio propuesta correctamente

[10-Jun-2020 14:34:13 America/Argentina/Buenos_Aires - User: 3068487643209612]: Code: 200. Message: Envio propuesta correctamente

[10-Jun-2020 15:03:33 America/Argentina/Buenos_Aires - User: 3068487643209612]: Code: 200. Message: Envio propuesta correctamente

[11-Jun-2020 14:10:48 America/Argentina/Buenos_Aires - User: 2600026820095441]: Code: 200. Message: Envio propuesta correctamente

[05-Nov-2020 09:31:56 America/Argentina/Buenos_Aires - User: ]: Code: 200. Message: Envio cambio banco correctamente

[05-Nov-2020 09:39:37 America/Argentina/Buenos_Aires - User: ]: Code: 200. Message: Envio cambio banco correctamente

[05-Nov-2020 09:43:20 America/Argentina/Buenos_Aires - User: ]: Code: 200. Message: Envio cambio banco correctamente

[05-Nov-2020 09:44:23 America/Argentina/Buenos_Aires - User: ]: Code: 200. Message: Envio cambio banco correctamente

[05-Nov-2020 09:45:42 America/Argentina/Buenos_Aires - User: ]: Code: 200. Message: Envio cambio banco correctamente

[05-Nov-2020 09:46:48 America/Argentina/Buenos_Aires - User: ]: Code: 200. Message: Envio cambio banco correctamente

[05-Nov-2020 09:52:12 America/Argentina/Buenos_Aires - User: ]: Code: 200. Message: Envio cambio banco correctamente

[05-Nov-2020 09:53:01 America/Argentina/Buenos_Aires - User: ]: Code: 200. Message: Envio cambio banco correctamente

[05-Nov-2020 09:53:27 America/Argentina/Buenos_Aires - User: ]: Code: 200. Message: Envio cambio banco correctamente

[05-Nov-2020 09:54:23 America/Argentina/Buenos_Aires - User: ]: Code: 200. Message: Envio cambio banco correctamente

[05-Nov-2020 09:55:23 America/Argentina/Buenos_Aires - User: ]: Code: 200. Message: Envio cambio banco correctamente

[05-Nov-2020 09:56:22 America/Argentina/Buenos_Aires - User: ]: Code: 200. Message: Envio cambio banco correctamente

[05-Nov-2020 09:58:48 America/Argentina/Buenos_Aires - User: ]: Code: 200. Message: Envio cambio banco correctamente

[05-Nov-2020 09:59:07 America/Argentina/Buenos_Aires - User: ]: Code: 200. Message: Envio cambio banco correctamente

[05-Nov-2020 10:02:11 America/Argentina/Buenos_Aires - User: ]: Code: 200. Message: Envio cambio banco correctamente

[05-Nov-2020 11:40:00 America/Argentina/Buenos_Aires - User: ]: Code: 200. Message: Envio cambio banco correctamente

[05-Nov-2020 11:45:19 America/Argentina/Buenos_Aires - User: ]: Code: 200. Message: Envio cambio banco correctamente

[05-Nov-2020 12:04:14 America/Argentina/Buenos_Aires - User: ]: Code: 200. Message: Envio cambio banco correctamente

[05-Nov-2020 12:07:13 America/Argentina/Buenos_Aires - User: ]: Code: 200. Message: Envio cambio banco correctamente

[05-Nov-2020 13:09:24 America/Argentina/Buenos_Aires - User: ]: Code: 200. Message: Envio cambio banco correctamente

[05-Nov-2020 13:29:56 America/Argentina/Buenos_Aires - User: ]: Code: 200. Message: Envio cambio banco correctamente

[05-Nov-2020 13:59:55 America/Argentina/Buenos_Aires - User: ]: Code: 200. Message: Envio cambio banco correctamente

[05-Nov-2020 14:04:26 America/Argentina/Buenos_Aires - User: ]: Code: 200. Message: Envio cambio banco correctamente

[05-Nov-2020 14:15:00 America/Argentina/Buenos_Aires - User: ]: Code: 200. Message: Envio cambio banco correctamente

[05-Nov-2020 15:42:55 America/Argentina/Buenos_Aires - User: ]: Code: 200. Message: Envio cambio banco correctamente

[05-Nov-2020 16:00:03 America/Argentina/Buenos_Aires - User: ]: Code: 200. Message: Envio cambio banco correctamente

[05-Nov-2020 16:03:33 America/Argentina/Buenos_Aires - User: ]: Code: 200. Message: Envio cambio banco correctamente

[05-Nov-2020 16:07:09 America/Argentina/Buenos_Aires - User: ]: Code: 200. Message: Envio cambio banco correctamente

[05-Nov-2020 16:09:17 America/Argentina/Buenos_Aires - User: ]: Code: 200. Message: Envio cambio banco correctamente

[05-Nov-2020 16:16:08 America/Argentina/Buenos_Aires - User: ]: Code: 200. Message: Envio cambio banco correctamente

[05-Nov-2020 16:35:09 America/Argentina/Buenos_Aires - User: ]: Code: 200. Message: Envio cambio banco correctamente

[05-Nov-2020 16:39:06 America/Argentina/Buenos_Aires - User: ]: Code: 200. Message: Envio cambio banco correctamente

[05-Nov-2020 16:46:16 America/Argentina/Buenos_Aires - User: ]: Code: 200. Message: Envio cambio banco correctamente

[05-Nov-2020 16:54:23 America/Argentina/Buenos_Aires - User: ]: Code: 200. Message: Envio cambio banco correctamente

[05-Nov-2020 16:57:57 America/Argentina/Buenos_Aires - User: ]: Code: 200. Message: Envio cambio banco correctamente

[05-Nov-2020 16:59:06 America/Argentina/Buenos_Aires - User: ]: Code: 200. Message: Envio cambio banco correctamente

[05-Nov-2020 17:02:53 America/Argentina/Buenos_Aires - User: ]: Code: 200. Message: Envio cambio banco correctamente

[05-Nov-2020 17:04:33 America/Argentina/Buenos_Aires - User: ]: Code: 200. Message: Envio cambio banco correctamente

[05-Nov-2020 17:06:43 America/Argentina/Buenos_Aires - User: ]: Code: 200. Message: Envio cambio banco correctamente

[05-Nov-2020 17:10:52 America/Argentina/Buenos_Aires - User: ]: Code: 200. Message: Envio cambio banco correctamente

[05-Nov-2020 17:10:52 America/Argentina/Buenos_Aires] PHP Fatal error:  Call to undefined function addProperties() in /var/www/html/hilos/101003/webviews/cambiar_banco/inc/functions.php on line 70
[05-Nov-2020 17:20:21 America/Argentina/Buenos_Aires - User: ]: Code: 200. Message: Envio cambio banco correctamente

[05-Nov-2020 17:26:03 America/Argentina/Buenos_Aires - User: ]: Code: 200. Message: Envio cambio banco correctamente

[05-Nov-2020 17:28:16 America/Argentina/Buenos_Aires - User: ]: Code: 200. Message: Envio cambio banco correctamente

[05-Nov-2020 17:29:31 America/Argentina/Buenos_Aires - User: ]: Code: 200. Message: Envio cambio banco correctamente

[05-Nov-2020 17:34:00 America/Argentina/Buenos_Aires - User: ]: Code: 200. Message: Envio cambio banco correctamente

[05-Nov-2020 17:38:14 America/Argentina/Buenos_Aires - User: ]: Code: 200. Message: Envio cambio banco correctamente

[05-Nov-2020 17:40:19 America/Argentina/Buenos_Aires - User: ]: Code: 200. Message: Envio cambio banco correctamente

[05-Nov-2020 17:43:39 America/Argentina/Buenos_Aires - User: ]: Code: 200. Message: Envio cambio banco correctamente

[05-Nov-2020 17:46:01 America/Argentina/Buenos_Aires - User: ]: Code: 200. Message: Envio cambio banco correctamente

[05-Nov-2020 17:48:33 America/Argentina/Buenos_Aires - User: ]: Code: 200. Message: Envio cambio banco correctamente

[05-Nov-2020 17:52:12 America/Argentina/Buenos_Aires - User: ]: Code: 200. Message: Envio cambio banco correctamente

[05-Nov-2020 17:56:20 America/Argentina/Buenos_Aires - User: ]: Code: 200. Message: Envio cambio banco correctamente

[05-Nov-2020 17:58:30 America/Argentina/Buenos_Aires - User: ]: Code: 200. Message: Envio cambio banco correctamente

[05-Nov-2020 18:03:20 America/Argentina/Buenos_Aires - User: ]: Code: 200. Message: Envio cambio banco correctamente

[05-Nov-2020 18:12:29 America/Argentina/Buenos_Aires - User: ]: Code: 200. Message: Envio cambio banco correctamente

[05-Nov-2020 18:15:31 America/Argentina/Buenos_Aires - User: ]: Code: 200. Message: Envio cambio banco correctamente

[05-Nov-2020 21:37:50 America/Argentina/Buenos_Aires - User: ]: Code: 200. Message: Envio cambio banco correctamente

[05-Nov-2020 22:11:40 America/Argentina/Buenos_Aires - User: ]: Code: 200. Message: Envio cambio banco correctamente

[05-Nov-2020 22:29:07 America/Argentina/Buenos_Aires - User: ]: Code: 200. Message: Envio cambio banco correctamente

[05-Nov-2020 22:34:44 America/Argentina/Buenos_Aires - User: ]: Code: 200. Message: Envio cambio banco correctamente

[05-Nov-2020 23:03:28 America/Argentina/Buenos_Aires - User: ]: Code: 200. Message: Envio cambio banco correctamente

[06-Nov-2020 08:42:48 America/Argentina/Buenos_Aires - User: ]: Code: 200. Message: Envio cambio banco correctamente

[06-Nov-2020 09:08:08 America/Argentina/Buenos_Aires - User: ]: Code: 200. Message: Envio cambio banco correctamente

[06-Nov-2020 09:13:53 America/Argentina/Buenos_Aires - User: ]: Code: 200. Message: Envio cambio banco correctamente

[06-Nov-2020 09:16:02 America/Argentina/Buenos_Aires - User: ]: Code: 200. Message: Envio cambio banco correctamente

[06-Nov-2020 09:17:55 America/Argentina/Buenos_Aires - User: ]: Code: 200. Message: Envio cambio banco correctamente

[06-Nov-2020 09:22:05 America/Argentina/Buenos_Aires - User: ]: Code: 200. Message: Envio cambio banco correctamente

[06-Nov-2020 09:27:10 America/Argentina/Buenos_Aires - User: ]: Code: 200. Message: Envio cambio banco correctamente

[06-Nov-2020 09:27:10 America/Argentina/Buenos_Aires] PHP Catchable fatal error:  Object of class stdClass could not be converted to string in /var/www/html/hilos/101003/webviews/cambiar_banco/inc/functions.php on line 69
[06-Nov-2020 09:29:15 America/Argentina/Buenos_Aires - User: ]: Code: 200. Message: Envio cambio banco correctamente

[06-Nov-2020 09:32:52 America/Argentina/Buenos_Aires - User: ]: Code: 200. Message: Envio cambio banco correctamente

[06-Nov-2020 09:35:10 America/Argentina/Buenos_Aires - User: ]: Code: 200. Message: Envio cambio banco correctamente

[06-Nov-2020 09:37:43 America/Argentina/Buenos_Aires - User: ]: Code: 200. Message: Envio cambio banco correctamente

[06-Nov-2020 09:39:45 America/Argentina/Buenos_Aires - User: ]: Code: 200. Message: Envio cambio banco correctamente

[06-Nov-2020 09:56:12 America/Argentina/Buenos_Aires - User: ]: Code: 200. Message: Envio cambio banco correctamente

[06-Nov-2020 10:00:34 America/Argentina/Buenos_Aires - User: ]: Code: 200. Message: Envio cambio banco correctamente

[06-Nov-2020 10:13:05 America/Argentina/Buenos_Aires - User: ]: Code: 200. Message: Envio cambio banco correctamente

[06-Nov-2020 10:18:58 America/Argentina/Buenos_Aires - User: ]: Code: 200. Message: Envio cambio banco correctamente

[06-Nov-2020 10:24:39 America/Argentina/Buenos_Aires - User: ]: Code: 200. Message: Envio cambio banco correctamente

[06-Nov-2020 10:29:09 America/Argentina/Buenos_Aires - User: ]: Code: 200. Message: Envio cambio banco correctamente

[06-Nov-2020 10:43:05 America/Argentina/Buenos_Aires - User: ]: Code: 200. Message: Envio cambio banco correctamente

[06-Nov-2020 10:47:55 America/Argentina/Buenos_Aires - User: ]: Code: 200. Message: Envio cambio banco correctamente

[06-Nov-2020 10:59:15 America/Argentina/Buenos_Aires - User: ]: Code: 200. Message: Envio cambio banco correctamente

[06-Nov-2020 11:05:15 America/Argentina/Buenos_Aires - User: ]: Code: 200. Message: Envio cambio banco correctamente

[06-Nov-2020 11:08:12 America/Argentina/Buenos_Aires - User: ]: Code: 200. Message: Envio cambio banco correctamente

[06-Nov-2020 11:10:09 America/Argentina/Buenos_Aires - User: ]: Code: 200. Message: Envio cambio banco correctamente

[06-Nov-2020 11:18:20 America/Argentina/Buenos_Aires - User: ]: Code: 200. Message: Envio cambio banco correctamente

[06-Nov-2020 11:20:38 America/Argentina/Buenos_Aires - User: ]: Code: 200. Message: Envio cambio banco correctamente

[06-Nov-2020 12:08:05 America/Argentina/Buenos_Aires - User: ]: Code: 200. Message: Envio cambio banco correctamente

[06-Nov-2020 12:11:08 America/Argentina/Buenos_Aires - User: ]: Code: 200. Message: Envio cambio banco correctamente

[06-Nov-2020 12:12:04 America/Argentina/Buenos_Aires - User: ]: Code: 200. Message: Envio cambio banco correctamente

[06-Nov-2020 12:14:42 America/Argentina/Buenos_Aires - User: ]: Code: 200. Message: Envio cambio banco correctamente

[06-Nov-2020 12:17:26 America/Argentina/Buenos_Aires - User: fdb20bdb-e0a1-4dbb-8997-5d95125de43e]: Code: 200. Message: Envio cambio banco correctamente

[06-Nov-2020 12:24:36 America/Argentina/Buenos_Aires - User: fdb20bdb-e0a1-4dbb-8997-5d95125de43e]: Code: 200. Message: Envio cambio banco correctamente

[06-Nov-2020 13:24:02 America/Argentina/Buenos_Aires - User: f827a24b-2d5f-4162-a490-ea643607a4b0]: Code: 200. Message: Envio cambio banco correctamente

[09-Nov-2020 10:49:01 America/Argentina/Buenos_Aires - User: f9819c81-7557-45e5-8595-7e10679b1967]: Code: 200. Message: Envio cambio banco correctamente

[24-Nov-2020 10:49:12 America/Argentina/Buenos_Aires - User: 803df3d3-40c5-4e69-8239-067885dbcc87]: Code: 200. Message: Envio cambio banco correctamente

[03-Dec-2020 14:58:24 America/Argentina/Buenos_Aires - User: 83b62c09-4392-48c6-a3b3-c13a203d59cc]: Code: 200. Message: Envio cambio banco correctamente

[04-Dec-2020 09:20:13 America/Argentina/Buenos_Aires - User: fb86278e-e5de-45ff-a0fa-ff24964b52bf]: Code: 200. Message: Envio cambio banco correctamente

[10-Dec-2020 15:40:51 America/Argentina/Buenos_Aires - User: 32d539eb-0d67-4620-9a85-9450f0a90394]: Code: 200. Message: Envio cambio banco correctamente

[16-Apr-2021 09:08:51 America/Argentina/Buenos_Aires - User: 146b8d74-ca5a-4968-9d4b-baad528b96eb]: Code: 200. Message: Envio cambio banco correctamente

[16-Apr-2021 09:09:00 America/Argentina/Buenos_Aires - User: 146b8d74-ca5a-4968-9d4b-baad528b96eb]: Code: 200. Message: Envio cambio banco correctamente

