[04-Mar-2020 09:51:19 America/Argentina/Buenos_Aires - User: 2600026820095441]: Code: 200. Message: Envio consulta correctamente

[04-Mar-2020 09:54:47 America/Argentina/Buenos_Aires - User: 2600026820095441]: Code: 200. Message: Envio consulta correctamente

[04-Mar-2020 09:56:10 America/Argentina/Buenos_Aires - User: 2600026820095441]: Code: 200. Message: Envio consulta correctamente

[04-Mar-2020 10:23:27 America/Argentina/Buenos_Aires - User: 2600026820095441]: Code: 200. Message: Envio consulta correctamente

[04-Mar-2020 10:25:45 America/Argentina/Buenos_Aires - User: 2600026820095441]: Code: 200. Message: Envio propuesta correctamente

[04-Mar-2020 12:57:13 America/Argentina/Buenos_Aires - User: 2600026820095441]: Code: 200. Message: Envio propuesta correctamente

[06-Mar-2020 10:17:06 America/Argentina/Buenos_Aires - User: 2600026820095441]: Code: 200. Message: Envio propuesta correctamente

[09-Mar-2020 16:01:46 America/Argentina/Buenos_Aires - User: 2600026820095441]: Code: 200. Message: Envio propuesta correctamente

[10-Mar-2020 11:46:01 America/Argentina/Buenos_Aires - User: 2600026820095441]: Code: 200. Message: Envio propuesta correctamente

[10-Mar-2020 11:48:17 America/Argentina/Buenos_Aires - User: 2600026820095441]: Code: 200. Message: Envio propuesta correctamente

[01-Apr-2020 10:48:24 America/Argentina/Buenos_Aires - User: 3775127015894552]: Code: 200. Message: Envio propuesta correctamente

[22-May-2020 08:13:46 America/Argentina/Buenos_Aires - User: 2671275682981065]: Code: 200. Message: Envio propuesta correctamente

[10-Jun-2020 14:34:13 America/Argentina/Buenos_Aires - User: 3068487643209612]: Code: 200. Message: Envio propuesta correctamente

[10-Jun-2020 15:03:33 America/Argentina/Buenos_Aires - User: 3068487643209612]: Code: 200. Message: Envio propuesta correctamente

[11-Jun-2020 14:10:48 America/Argentina/Buenos_Aires - User: 2600026820095441]: Code: 200. Message: Envio propuesta correctamente

[05-Nov-2020 09:31:56 America/Argentina/Buenos_Aires - User: ]: Code: 200. Message: Envio cambio banco correctamente

[05-Nov-2020 09:39:37 America/Argentina/Buenos_Aires - User: ]: Code: 200. Message: Envio cambio banco correctamente

[05-Nov-2020 09:43:20 America/Argentina/Buenos_Aires - User: ]: Code: 200. Message: Envio cambio banco correctamente

[05-Nov-2020 09:44:23 America/Argentina/Buenos_Aires - User: ]: Code: 200. Message: Envio cambio banco correctamente

[05-Nov-2020 09:45:42 America/Argentina/Buenos_Aires - User: ]: Code: 200. Message: Envio cambio banco correctamente

[05-Nov-2020 09:46:48 America/Argentina/Buenos_Aires - User: ]: Code: 200. Message: Envio cambio banco correctamente

[05-Nov-2020 09:52:12 America/Argentina/Buenos_Aires - User: ]: Code: 200. Message: Envio cambio banco correctamente

[05-Nov-2020 09:53:01 America/Argentina/Buenos_Aires - User: ]: Code: 200. Message: Envio cambio banco correctamente

[05-Nov-2020 09:53:27 America/Argentina/Buenos_Aires - User: ]: Code: 200. Message: Envio cambio banco correctamente

[05-Nov-2020 09:54:23 America/Argentina/Buenos_Aires - User: ]: Code: 200. Message: Envio cambio banco correctamente

[05-Nov-2020 09:55:23 America/Argentina/Buenos_Aires - User: ]: Code: 200. Message: Envio cambio banco correctamente

[05-Nov-2020 09:56:22 America/Argentina/Buenos_Aires - User: ]: Code: 200. Message: Envio cambio banco correctamente

[05-Nov-2020 09:58:48 America/Argentina/Buenos_Aires - User: ]: Code: 200. Message: Envio cambio banco correctamente

[05-Nov-2020 09:59:07 America/Argentina/Buenos_Aires - User: ]: Code: 200. Message: Envio cambio banco correctamente

[05-Nov-2020 10:02:11 America/Argentina/Buenos_Aires - User: ]: Code: 200. Message: Envio cambio banco correctamente

[10-Nov-2020 14:02:32 America/Argentina/Buenos_Aires - User: ]: Code: . Message: 

[10-Nov-2020 14:06:20 America/Argentina/Buenos_Aires - User: ]: Code: . Message: 

[10-Nov-2020 14:09:25 America/Argentina/Buenos_Aires - User: ]: Code: . Message: 

[10-Nov-2020 14:15:39 America/Argentina/Buenos_Aires - User: ]: Code: . Message: 

[10-Nov-2020 14:16:08 America/Argentina/Buenos_Aires - User: ]: Code: . Message: 

[10-Nov-2020 14:20:46 America/Argentina/Buenos_Aires - User: ]: Code: . Message: 

[10-Nov-2020 14:29:10 America/Argentina/Buenos_Aires - User: ]: Code: . Message: 

[10-Nov-2020 14:29:19 America/Argentina/Buenos_Aires - User: ]: Code: . Message: 

[10-Nov-2020 14:31:37 America/Argentina/Buenos_Aires - User: ]: Code: . Message: 

[10-Nov-2020 14:32:05 America/Argentina/Buenos_Aires - User: ]: Code: . Message: 

[10-Nov-2020 14:32:49 America/Argentina/Buenos_Aires - User: ]: Code: . Message: 

[10-Nov-2020 14:33:06 America/Argentina/Buenos_Aires - User: ]: Code: . Message: 

[10-Nov-2020 14:33:20 America/Argentina/Buenos_Aires - User: ]: Code: . Message: 

[10-Nov-2020 14:40:22 America/Argentina/Buenos_Aires - User: ]: Code: . Message: 

[10-Nov-2020 14:40:38 America/Argentina/Buenos_Aires - User: ]: Code: . Message: 

[10-Nov-2020 14:41:03 America/Argentina/Buenos_Aires - User: ]: Code: . Message: 

[10-Nov-2020 14:41:20 America/Argentina/Buenos_Aires - User: ]: Code: . Message: 

[10-Nov-2020 14:42:09 America/Argentina/Buenos_Aires - User: ]: Code: . Message: 

[10-Nov-2020 14:42:21 America/Argentina/Buenos_Aires - User: ]: Code: . Message: 

[10-Nov-2020 14:42:47 America/Argentina/Buenos_Aires - User: ]: Code: . Message: 

[10-Nov-2020 14:43:39 America/Argentina/Buenos_Aires - User: ]: Code: . Message: 

[10-Nov-2020 14:44:02 America/Argentina/Buenos_Aires - User: ]: Code: . Message: 

[10-Nov-2020 14:44:08 America/Argentina/Buenos_Aires - User: ]: Code: . Message: 

[10-Nov-2020 14:45:05 America/Argentina/Buenos_Aires - User: ]: Code: . Message: 

[10-Nov-2020 14:46:20 America/Argentina/Buenos_Aires - User: ]: Code: . Message: 

[10-Nov-2020 14:46:39 America/Argentina/Buenos_Aires - User: ]: Code: . Message: 

[10-Nov-2020 14:47:04 America/Argentina/Buenos_Aires - User: ]: Code: . Message: 

[10-Nov-2020 14:47:22 America/Argentina/Buenos_Aires - User: ]: Code: . Message: 

[10-Nov-2020 14:48:04 America/Argentina/Buenos_Aires - User: ]: Code: . Message: 

[10-Nov-2020 14:49:11 America/Argentina/Buenos_Aires - User: ]: Code: . Message: 

[10-Nov-2020 14:49:25 America/Argentina/Buenos_Aires - User: ]: Code: . Message: 

[10-Nov-2020 14:49:45 America/Argentina/Buenos_Aires - User: ]: Code: . Message: 

[10-Nov-2020 14:49:54 America/Argentina/Buenos_Aires - User: ]: Code: . Message: 

[10-Nov-2020 14:51:16 America/Argentina/Buenos_Aires - User: ]: Code: . Message: 

[10-Nov-2020 14:51:42 America/Argentina/Buenos_Aires - User: ]: Code: . Message: 

[10-Nov-2020 14:51:48 America/Argentina/Buenos_Aires - User: ]: Code: . Message: 

[10-Nov-2020 14:52:42 America/Argentina/Buenos_Aires - User: ]: Code: . Message: 

[10-Nov-2020 14:52:54 America/Argentina/Buenos_Aires - User: ]: Code: . Message: 

[10-Nov-2020 14:53:14 America/Argentina/Buenos_Aires - User: ]: Code: . Message: 

[10-Nov-2020 14:56:00 America/Argentina/Buenos_Aires - User: ]: Code: . Message: 

[10-Nov-2020 15:01:52 America/Argentina/Buenos_Aires - User: ]: Code: . Message: 

[10-Nov-2020 15:13:49 America/Argentina/Buenos_Aires - User: ]: Code: . Message: 

[10-Nov-2020 15:15:48 America/Argentina/Buenos_Aires - User: ]: Code: . Message: 

[10-Nov-2020 15:37:43 America/Argentina/Buenos_Aires - User: ]: Code: . Message: 

[10-Nov-2020 15:48:29 America/Argentina/Buenos_Aires - User: ]: Code: . Message: 

[10-Nov-2020 15:53:48 America/Argentina/Buenos_Aires - User: ]: Code: . Message: 

[10-Nov-2020 15:54:27 America/Argentina/Buenos_Aires - User: ]: Code: . Message: 

[10-Nov-2020 17:14:53 America/Argentina/Buenos_Aires - User: ]: Code: . Message: 

[10-Nov-2020 17:22:28 America/Argentina/Buenos_Aires - User: ]: Code: . Message: 

[10-Nov-2020 17:22:42 America/Argentina/Buenos_Aires - User: ]: Code: . Message: 

[10-Nov-2020 17:22:52 America/Argentina/Buenos_Aires - User: ]: Code: . Message: 

[10-Nov-2020 17:49:30 America/Argentina/Buenos_Aires - User: ]: Code: . Message: 

[10-Nov-2020 17:49:52 America/Argentina/Buenos_Aires - User: ]: Code: . Message: 

[10-Nov-2020 17:59:19 America/Argentina/Buenos_Aires - User: ]: Code: . Message: 

[10-Nov-2020 18:43:03 America/Argentina/Buenos_Aires - User: ]: Code: . Message: 

[10-Nov-2020 18:45:39 America/Argentina/Buenos_Aires - User: ]: Code: . Message: 

[10-Nov-2020 18:48:52 America/Argentina/Buenos_Aires - User: ]: Code: . Message: 

[10-Nov-2020 18:52:52 America/Argentina/Buenos_Aires - User: ]: Code: . Message: 

[10-Nov-2020 18:57:22 America/Argentina/Buenos_Aires - User: ]: Code: . Message: 

[10-Nov-2020 18:57:30 America/Argentina/Buenos_Aires - User: b8e4c372-fb6b-43ac-93a8-5d238bf5a7c4]: Code: 200. Message: Envio cambio banco correctamente

[10-Nov-2020 18:57:40 America/Argentina/Buenos_Aires - User: b8e4c372-fb6b-43ac-93a8-5d238bf5a7c4]: Code: 200. Message: Envio cambio banco correctamente

[10-Nov-2020 19:00:03 America/Argentina/Buenos_Aires - User: b8e4c372-fb6b-43ac-93a8-5d238bf5a7c4]: Code: 200. Message: Envio cambio banco correctamente

[10-Nov-2020 19:02:06 America/Argentina/Buenos_Aires - User: ]: Code: . Message: 

[10-Nov-2020 19:02:09 America/Argentina/Buenos_Aires - User: ]: Code: 200. Message: Envio cambio banco correctamente

[10-Nov-2020 19:03:55 America/Argentina/Buenos_Aires - User: ]: Code: . Message: 

[10-Nov-2020 19:03:59 America/Argentina/Buenos_Aires - User: ]: Code: 200. Message: Envio cambio banco correctamente

[10-Nov-2020 19:05:13 America/Argentina/Buenos_Aires - User: ]: Code: . Message: 

[10-Nov-2020 19:05:16 America/Argentina/Buenos_Aires - User: ]: Code: 200. Message: Envio cambio banco correctamente

[10-Nov-2020 19:15:59 America/Argentina/Buenos_Aires - User: ]: Code: . Message: 

[10-Nov-2020 19:16:01 America/Argentina/Buenos_Aires - User: ]: Code: 200. Message: Envio cambio banco correctamente

[10-Nov-2020 19:22:23 America/Argentina/Buenos_Aires - User: ]: Code: . Message: 

[10-Nov-2020 19:22:25 America/Argentina/Buenos_Aires - User: ]: Code: 200. Message: Envio cambio banco correctamente

[10-Nov-2020 19:22:54 America/Argentina/Buenos_Aires - User: ]: Code: 200. Message: Envio cambio banco correctamente

[10-Nov-2020 19:24:39 America/Argentina/Buenos_Aires - User: ]: Code: . Message: 

[10-Nov-2020 19:24:41 America/Argentina/Buenos_Aires - User: ]: Code: 200. Message: Envio cambio banco correctamente

[10-Nov-2020 19:25:23 America/Argentina/Buenos_Aires - User: ]: Code: . Message: 

[10-Nov-2020 19:26:11 America/Argentina/Buenos_Aires - User: ]: Code: 200. Message: Envio cambio banco correctamente

[10-Nov-2020 19:33:56 America/Argentina/Buenos_Aires - User: ]: Code: . Message: 

[10-Nov-2020 19:34:00 America/Argentina/Buenos_Aires - User: ]: Code: 200. Message: Envio cambio banco correctamente

[10-Nov-2020 19:37:31 America/Argentina/Buenos_Aires - User: ]: Code: . Message: 

[10-Nov-2020 19:37:37 America/Argentina/Buenos_Aires - User: ]: Code: 200. Message: Envio cambio banco correctamente

[10-Nov-2020 19:39:21 America/Argentina/Buenos_Aires - User: ]: Code: . Message: 

[10-Nov-2020 19:39:24 America/Argentina/Buenos_Aires - User: ]: Code: 200. Message: Envio cambio banco correctamente

[10-Nov-2020 20:34:24 America/Argentina/Buenos_Aires - User: ]: Code: . Message: 

[10-Nov-2020 20:34:26 America/Argentina/Buenos_Aires - User: ]: Code: 200. Message: Envio cambio banco correctamente

[11-Nov-2020 08:06:46 America/Argentina/Buenos_Aires - User: ]: Code: . Message: 

[11-Nov-2020 08:08:04 America/Argentina/Buenos_Aires - User: ]: Code: . Message: 

[11-Nov-2020 08:08:37 America/Argentina/Buenos_Aires - User: ]: Code: . Message: 

[11-Nov-2020 08:08:41 America/Argentina/Buenos_Aires - User: ]: Code: . Message: 

[11-Nov-2020 08:08:49 America/Argentina/Buenos_Aires - User: ]: Code: . Message: 

[11-Nov-2020 08:13:47 America/Argentina/Buenos_Aires - User: ]: Code: 200. Message: Envio cambio banco correctamente

[11-Nov-2020 08:13:53 America/Argentina/Buenos_Aires - User: ]: Code: . Message: 

[11-Nov-2020 08:14:10 America/Argentina/Buenos_Aires - User: ]: Code: 200. Message: Envio cambio banco correctamente

[11-Nov-2020 08:33:53 America/Argentina/Buenos_Aires - User: ]: Code: . Message: 

[11-Nov-2020 08:34:01 America/Argentina/Buenos_Aires - User: ]: Code: 200. Message: Envio cambio banco correctamente

[11-Nov-2020 20:35:33 America/Argentina/Buenos_Aires - User: ]: Code: . Message: 

[11-Nov-2020 20:35:52 America/Argentina/Buenos_Aires - User: ]: Code: . Message: 

[11-Nov-2020 20:36:02 America/Argentina/Buenos_Aires - User: ]: Code: . Message: 

[13-Nov-2020 16:01:49 America/Argentina/Buenos_Aires - User: ]: Code: . Message: 

[13-Nov-2020 16:02:00 America/Argentina/Buenos_Aires - User: ]: Code: . Message: 

[13-Nov-2020 16:02:04 America/Argentina/Buenos_Aires - User: ]: Code: 200. Message: Envio consulta licencias

[16-Nov-2020 22:05:04 America/Argentina/Buenos_Aires - User: ]: Code: . Message: 

[16-Nov-2020 22:06:12 America/Argentina/Buenos_Aires - User: ]: Code: . Message: 

[16-Nov-2020 22:06:44 America/Argentina/Buenos_Aires - User: ]: Code: . Message: 

[16-Nov-2020 22:07:38 America/Argentina/Buenos_Aires - User: ]: Code: . Message: 

[16-Nov-2020 22:07:56 America/Argentina/Buenos_Aires - User: ]: Code: . Message: 

[16-Nov-2020 22:09:16 America/Argentina/Buenos_Aires - User: ]: Code: 200. Message: Envio consulta licencias

[24-Nov-2020 12:29:23 America/Argentina/Buenos_Aires - User: 803df3d3-40c5-4e69-8239-067885dbcc87]: Code: . Message: 

[24-Nov-2020 12:29:35 America/Argentina/Buenos_Aires - User: 803df3d3-40c5-4e69-8239-067885dbcc87]: Code: 200. Message: Envio consulta licencias

[24-Nov-2020 12:30:01 America/Argentina/Buenos_Aires - User: 803df3d3-40c5-4e69-8239-067885dbcc87]: Code: . Message: 

[24-Nov-2020 12:30:05 America/Argentina/Buenos_Aires - User: 803df3d3-40c5-4e69-8239-067885dbcc87]: Code: 200. Message: Envio consulta licencias

[24-Nov-2020 12:30:20 America/Argentina/Buenos_Aires - User: 803df3d3-40c5-4e69-8239-067885dbcc87]: Code: . Message: 

[01-Dec-2020 09:53:41 America/Argentina/Buenos_Aires - User: ]: Code: . Message: 

[01-Dec-2020 09:53:45 America/Argentina/Buenos_Aires - User: ]: Code: 200. Message: Envio consulta licencias

[01-Dec-2020 09:53:55 America/Argentina/Buenos_Aires - User: ]: Code: . Message: 

[01-Dec-2020 09:54:05 America/Argentina/Buenos_Aires - User: ]: Code: 200. Message: Envio consulta licencias

[01-Dec-2020 09:54:42 America/Argentina/Buenos_Aires - User: ]: Code: . Message: 

[01-Dec-2020 09:54:47 America/Argentina/Buenos_Aires - User: ]: Code: 200. Message: Envio consulta licencias

[01-Dec-2020 11:17:04 America/Argentina/Buenos_Aires - User: aabf6a5b-0f34-45ae-9f9c-a703c50b6ebf]: Code: . Message: 

[01-Dec-2020 11:17:07 America/Argentina/Buenos_Aires - User: aabf6a5b-0f34-45ae-9f9c-a703c50b6ebf]: Code: 200. Message: Envio consulta licencias

[01-Dec-2020 12:52:21 America/Argentina/Buenos_Aires - User: ]: Code: . Message: 

[01-Dec-2020 12:52:23 America/Argentina/Buenos_Aires - User: ]: Code: 200. Message: Envio consulta licencias

